n                        Main menu                               
Esc                      Choosing an element to create           
Enter                    Main menu                               
n                        Main menu                               
Right                    Choosing an element to create           
Enter                    Choosing an element to create           
g                        Creating new request                    
e                        Creating new request                    
t                        Creating new request                    
Enter                    Creating new request                    
Down                     Main menu                               
Up                       Main menu                               
Down                     Main menu                               
Right                    Main menu                               
Down                     Main menu                               
Down                     Main menu                               
Down                     Main menu                               
Enter                    Main menu                               
u                        Request menu                            
h                        Editing request URL                     
t                        Editing request URL                     
t                        Editing request URL                     
p                        Editing request URL                     
s                        Editing request URL                     
Backspace                Editing request URL                     
:                        Editing request URL                     
/                        Editing request URL                     
/                        Editing request URL                     
l                        Editing request URL                     
o                        Editing request URL                     
c                        Editing request URL                     
a                        Editing request URL                     
l                        Editing request URL                     
h                        Editing request URL                     
o                        Editing request URL                     
s                        Editing request URL                     
t                        Editing request URL                     
:                        Editing request URL                     
3                        Editing request URL                     
0                        Editing request URL                     
0                        Editing request URL                     
0                        Editing request URL                     
/                        Editing request URL                     
a                        Editing request URL                     
p                        Editing request URL                     
i                        Editing request URL                     
/                        Editing request URL                     
u                        Editing request URL                     
s                        Editing request URL                     
r                        Editing request URL                     
Backspace                Editing request URL                     
e                        Editing request URL                     
r                        Editing request URL                     
s                        Editing request URL                     
m                        Editing request URL                     
Backspace                Editing request URL                     
Esc                      Editing request URL                     
m                        Request menu                            
m                        Request menu                            
m                        Request menu                            
m                        Request menu                            
m                        Request menu                            
m                        Request menu                            
m                        Request menu                            
m                        Request menu                            
Enter                    Request menu                            
u                        Request menu                            
h                        Editing request URL                     
p                        Editing request URL                     
Backspace                Editing request URL                     
t                        Editing request URL                     
t                        Editing request URL                     
p                        Editing request URL                     
:                        Editing request URL                     
l                        Editing request URL                     
Backspace                Editing request URL                     
.                        Editing request URL                     
Backspace                Editing request URL                     
/                        Editing request URL                     
/                        Editing request URL                     
l                        Editing request URL                     
o                        Editing request URL                     
c                        Editing request URL                     
a                        Editing request URL                     
l                        Editing request URL                     
h                        Editing request URL                     
o                        Editing request URL                     
s                        Editing request URL                     
t                        Editing request URL                     
:                        Editing request URL                     
3                        Editing request URL                     
0                        Editing request URL                     
0                        Editing request URL                     
0                        Editing request URL                     
/                        Editing request URL                     
a                        Editing request URL                     
p                        Editing request URL                     
i                        Editing request URL                     
/                        Editing request URL                     
u                        Editing request URL                     
s                        Editing request URL                     
e                        Editing request URL                     
r                        Editing request URL                     
s                        Editing request URL                     
Backspace                Editing request URL                     
Space                    Editing request URL                     
Backspace                Editing request URL                     
Esc                      Editing request URL                     
u                        Request menu                            
h                        Editing request URL                     
t                        Editing request URL                     
t                        Editing request URL                     
p                        Editing request URL                     
s                        Editing request URL                     
Backspace                Editing request URL                     
:                        Editing request URL                     
/                        Editing request URL                     
/                        Editing request URL                     
l                        Editing request URL                     
o                        Editing request URL                     
c                        Editing request URL                     
a                        Editing request URL                     
l                        Editing request URL                     
h                        Editing request URL                     
o                        Editing request URL                     
s                        Editing request URL                     
e                        Editing request URL                     
t                        Editing request URL                     
Esc                      Editing request URL                     
u                        Request menu                            
h                        Editing request URL                     
t                        Editing request URL                     
t                        Editing request URL                     
p                        Editing request URL                     
s                        Editing request URL                     
:                        Editing request URL                     
l                        Editing request URL                     
Backspace                Editing request URL                     
Backspace                Editing request URL                     
Backspace                Editing request URL                     
/                        Editing request URL                     
/                        Editing request URL                     
l                        Editing request URL                     
o                        Editing request URL                     
c                        Editing request URL                     
a                        Editing request URL                     
l                        Editing request URL                     
h                        Editing request URL                     
s                        Editing request URL                     
o                        Editing request URL                     
Backspace                Editing request URL                     
Backspace                Editing request URL                     
o                        Editing request URL                     
s                        Editing request URL                     
t                        Editing request URL                     
:                        Editing request URL                     
3                        Editing request URL                     
0                        Editing request URL                     
0                        Editing request URL                     
0                        Editing request URL                     
/                        Editing request URL                     
a                        Editing request URL                     
p                        Editing request URL                     
i                        Editing request URL                     
/                        Editing request URL                     
u                        Editing request URL                     
s                        Editing request URL                     
e                        Editing request URL                     
r                        Editing request URL                     
s                        Editing request URL                     
Enter                    Editing request URL                     
Tab                      Request menu                            
Tab                      Request menu                            
Tab                      Request menu                            
Tab                      Request menu                            
Tab                      Request menu                            
Tab                      Request menu                            
Tab                      Request menu                            
Tab                      Request menu                            
Tab                      Request menu                            
Tab                      Request menu                            
Tab                      Request menu                            
Tab                      Request menu                            
Tab                      Request menu                            
Tab                      Request menu                            
Tab                      Request menu                            
Tab                      Request menu                            
Tab                      Request menu                            
Tab                      Request menu                            
Tab                      Request menu                            
Tab                      Request menu                            
Tab                      Request menu                            
Tab                      Request menu                            
Tab                      Request menu                            
Enter                    Request menu                            
Ctrl-b                   Request menu                            
n                        Request menu                            
Tab                      Request menu                            
Tab                      Request menu                            
Tab                      Request menu                            
Tab                      Request menu                            
Tab                      Request menu                            
Tab                      Request menu                            
Tab                      Request menu                            
Tab                      Request menu                            
Tab                      Request menu                            
Tab                      Request menu                            
Tab                      Request menu                            
Enter                    Request menu                            
Enter                    Editing pre-request script              
Backspace                Editing pre-request script              
{                        Editing pre-request script              
Enter                    Editing pre-request script              
Backspace                Editing pre-request script              
Enter                    Editing pre-request script              
"                        Editing pre-request script              
h                        Editing pre-request script              
e                        Editing pre-request script              
a                        Editing pre-request script              
Backspace                Editing pre-request script              
Backspace                Editing pre-request script              
Backspace                Editing pre-request script              
n                        Editing pre-request script              
Backspace                Editing pre-request script              
s                        Editing pre-request script              
Backspace                Editing pre-request script              
u                        Editing pre-request script              
s                        Editing pre-request script              
e                        Editing pre-request script              
r                        Editing pre-request script              
n                        Editing pre-request script              
a                        Editing pre-request script              
m                        Editing pre-request script              
"                        Editing pre-request script              
:                        Editing pre-request script              
"                        Editing pre-request script              
a                        Editing pre-request script              
m                        Editing pre-request script              
a                        Editing pre-request script              
n                        Editing pre-request script              
"                        Editing pre-request script              
Enter                    Editing pre-request script              
Backspace                Editing pre-request script              
,                        Editing pre-request script              
Enter                    Editing pre-request script              
"                        Editing pre-request script              
a                        Editing pre-request script              
Backspace                Editing pre-request script              
Up                       Editing pre-request script              
Right                    Editing pre-request script              
Right                    Editing pre-request script              
Right                    Editing pre-request script              
Right                    Editing pre-request script              
Right                    Editing pre-request script              
Right                    Editing pre-request script              
Esc                      Editing pre-request script              
u                        Request menu                            
Tab                      Editing request URL                     
i                        Editing request URL                     
Tab                      Editing request URL                     
Backspace                Editing request URL                     
Enter                    Editing request URL                     
Tab                      Request menu                            
Tab                      Request menu                            
Tab                      Request menu                            
Tab                      Request menu                            
Tab                      Request menu                            
u                        Request menu                            
Tab                      Editing request URL                     
Enter                    Editing request URL                     
Enter                    Request menu                            
i                        Editing pre-request script              
Backspace                Editing pre-request script              
u                        Editing pre-request script              
s                        Editing pre-request script              
e                        Editing pre-request script              
r                        Editing pre-request script              
Alt-Backspace            Editing pre-request script              
Backspace                Editing pre-request script              
Backspace                Editing pre-request script              
Backspace                Editing pre-request script              
Backspace                Editing pre-request script              
{                        Editing pre-request script              
Enter                    Editing pre-request script              
u                        Editing pre-request script              
s                        Editing pre-request script              
e                        Editing pre-request script              
r                        Editing pre-request script              
Alt-Backspace            Editing pre-request script              
Backspace                Editing pre-request script              
Backspace                Editing pre-request script              
Backspace                Editing pre-request script              
Backspace                Editing pre-request script              
"                        Editing pre-request script              
u                        Editing pre-request script              
s                        Editing pre-request script              
e                        Editing pre-request script              
r                        Editing pre-request script              
n                        Editing pre-request script              
a                        Editing pre-request script              
m                        Editing pre-request script              
e                        Editing pre-request script              
Backspace                Editing pre-request script              
Backspace                Editing pre-request script              
m                        Editing pre-request script              
e                        Editing pre-request script              
"                        Editing pre-request script              
Backspace                Editing pre-request script              
Backspace                Editing pre-request script              
Backspace                Editing pre-request script              
Backspace                Editing pre-request script              
Backspace                Editing pre-request script              
Backspace                Editing pre-request script              
Backspace                Editing pre-request script              
Backspace                Editing pre-request script              
Backspace                Editing pre-request script              
Backspace                Editing pre-request script              
Backspace                Editing pre-request script              
Enter                    Editing pre-request script              
i                        Editing pre-request script              
d                        Editing pre-request script              
Backspace                Editing pre-request script              
Backspace                Editing pre-request script              
"                        Editing pre-request script              
i                        Editing pre-request script              
d                        Editing pre-request script              
:                        Editing pre-request script              
Backspace                Editing pre-request script              
"                        Editing pre-request script              
:                        Editing pre-request script              
4                        Editing pre-request script              
Enter                    Editing pre-request script              
}                        Editing pre-request script              
s                        Editing pre-request script              
Backspace                Editing pre-request script              
Ctrl-s                   Editing pre-request script              
Space                    Request menu                            
Space                    Request menu                            
u                        Request menu                            
Left                     Editing request URL                     
Left                     Editing request URL                     
Left                     Editing request URL                     
Left                     Editing request URL                     
Left                     Editing request URL                     
Left                     Editing request URL                     
Left                     Editing request URL                     
Left                     Editing request URL                     
Left                     Editing request URL                     
Left                     Editing request URL                     
Left                     Editing request URL                     
Left                     Editing request URL                     
Left                     Editing request URL                     
Left                     Editing request URL                     
Left                     Editing request URL                     
Left                     Editing request URL                     
Left                     Editing request URL                     
Left                     Editing request URL                     
Left                     Editing request URL                     
Left                     Editing request URL                     
Left                     Editing request URL                     
Left                     Editing request URL                     
Left                     Editing request URL                     
Left                     Editing request URL                     
Left                     Editing request URL                     
Left                     Editing request URL                     
:                        Editing request URL                     
Enter                    Editing request URL                     
Space                    Request menu                            
Enter                    Request menu                            
Enter                    Editing pre-request script              
Backspace                Editing pre-request script              
Ctrl-s                   Editing pre-request script              
Space                    Request menu                            
Space                    Request menu                            
Space                    Request menu                            
Space                    Request menu                            
Space                    Request menu                            
Tab                      Request menu                            
Tab                      Request menu                            
Tab                      Request menu                            
Tab                      Request menu                            
Ctrl-b                   Request menu                            
n                        Request menu                            
d                        Request menu                            
n                        Request menu                            
Enter                    Request menu                            
Backspace                Editing request body (Form)             
Backspace                Editing request body (Form)             
Backspace                Editing request body (Form)             
i                        Editing request body (Form)             
d                        Editing request body (Form)             
Enter                    Editing request body (Form)             
Tab                      Request menu                            
Tab                      Request menu                            
Tab                      Request menu                            
Tab                      Request menu                            
Tab                      Request menu                            
n                        Request menu                            
c                        Request menu                            
Esc                      Displaying cookies                      
n                        Main menu                               
Esc                      Choosing an element to create           
n                        Main menu                               
Esc                      Choosing an element to create           
Enter                    Main menu                               
d                        Request menu                            
s                        Request menu                            
Esc                      Editing request settings                
d                        Request menu                            
n                        Request menu                            
c                        Request menu                            
Esc                      Displaying cookies                      
d                        Main menu                               
Right                    Deleting request                        
Left                     Deleting request                        
Enter                    Deleting request                        
d                        Main menu                               
Esc                      Deleting request                        
Enter                    Main menu                               
d                        Request menu                            
n                        Request menu                            
Space                    Request menu                            
Space                    Request menu                            
Space                    Request menu                            
Space                    Request menu                            
Space                    Request menu                            
Enter                    Request menu                            
Backspace                Editing request body (Form)             
Backspace                Editing request body (Form)             
Backspace                Editing request body (Form)             
Shift-a                  Editing request body (Form)             
Shift-m                  Editing request body (Form)             
a                        Editing request body (Form)             
n                        Editing request body (Form)             
Backspace                Editing request body (Form)             
Backspace                Editing request body (Form)             
Backspace                Editing request body (Form)             
m                        Editing request body (Form)             
a                        Editing request body (Form)             
n                        Editing request body (Form)             
Right                    Editing request body (Form)             
Space                    Editing request body (Form)             
Space                    Editing request body (Form)             
Space                    Editing request body (Form)             
Space                    Editing request body (Form)             
Space                    Editing request body (Form)             
Space                    Editing request body (Form)             
Space                    Editing request body (Form)             
Space                    Editing request body (Form)             
Space                    Editing request body (Form)             
Space                    Editing request body (Form)             
Space                    Editing request body (Form)             
Space                    Editing request body (Form)             
Space                    Editing request body (Form)             
Space                    Editing request body (Form)             
Space                    Editing request body (Form)             
Space                    Editing request body (Form)             
Space                    Editing request body (Form)             
Space                    Editing request body (Form)             
Space                    Editing request body (Form)             
Space                    Editing request body (Form)             
Space                    Editing request body (Form)             
Space                    Editing request body (Form)             
Space                    Editing request body (Form)             
Space                    Editing request body (Form)             
Space                    Editing request body (Form)             
Space                    Editing request body (Form)             
Space                    Editing request body (Form)             
Space                    Editing request body (Form)             
Space                    Editing request body (Form)             
Space                    Editing request body (Form)             
Space                    Editing request body (Form)             
Space                    Editing request body (Form)             
Backspace                Editing request body (Form)             
Backspace                Editing request body (Form)             
Backspace                Editing request body (Form)             
Backspace                Editing request body (Form)             
Backspace                Editing request body (Form)             
Backspace                Editing request body (Form)             
Backspace                Editing request body (Form)             
Space                    Editing request body (Form)             
Space                    Editing request body (Form)             
Space                    Editing request body (Form)             
i                        Editing request body (Form)             
Backspace                Editing request body (Form)             
Backspace                Editing request body (Form)             
Backspace                Editing request body (Form)             
Backspace                Editing request body (Form)             
Backspace                Editing request body (Form)             
Backspace                Editing request body (Form)             
Backspace                Editing request body (Form)             
Backspace                Editing request body (Form)             
Backspace                Editing request body (Form)             
Backspace                Editing request body (Form)             
Backspace                Editing request body (Form)             
Backspace                Editing request body (Form)             
Backspace                Editing request body (Form)             
Backspace                Editing request body (Form)             
Backspace                Editing request body (Form)             
Backspace                Editing request body (Form)             
Backspace                Editing request body (Form)             
Backspace                Editing request body (Form)             
Backspace                Editing request body (Form)             
Backspace                Editing request body (Form)             
Backspace                Editing request body (Form)             
Backspace                Editing request body (Form)             
Backspace                Editing request body (Form)             
Backspace                Editing request body (Form)             
Backspace                Editing request body (Form)             
Backspace                Editing request body (Form)             
Backspace                Editing request body (Form)             
Backspace                Editing request body (Form)             
Backspace                Editing request body (Form)             
Backspace                Editing request body (Form)             
Backspace                Editing request body (Form)             
a                        Editing request body (Form)             
n                        Editing request body (Form)             
Enter                    Editing request body (Form)             
n                        Request menu                            
Right                    Request menu                            
Left                     Request menu                            
Right                    Request menu                            
Left                     Request menu                            
Right                    Request menu                            
Enter                    Request menu                            
Backspace                Editing request body (Form)             
Backspace                Editing request body (Form)             
Backspace                Editing request body (Form)             
Backspace                Editing request body (Form)             
Backspace                Editing request body (Form)             
Down                     Editing request body (Form)             
Enter                    Editing request body (Form)             
d                        Request menu                            
d                        Request menu                            
n                        Request menu                            
n                        Request menu                            
d                        Request menu                            
s                        Request menu                            
Esc                      Editing request settings                
n                        Request menu                            
Enter                    Request menu                            
Backspace                Editing request body (Form)             
Backspace                Editing request body (Form)             
Backspace                Editing request body (Form)             
Shift-a                  Editing request body (Form)             
m                        Editing request body (Form)             
a                        Editing request body (Form)             
n                        Editing request body (Form)             
Space                    Editing request body (Form)             
Right                    Editing request body (Form)             
Enter                    Editing request body (Form)             
Right                    Request menu                            
Enter                    Request menu                            
Backspace                Editing request body (Form)             
Backspace                Editing request body (Form)             
Backspace                Editing request body (Form)             
Backspace                Editing request body (Form)             
Backspace                Editing request body (Form)             
Shift-m                  Editing request body (Form)             
e                        Editing request body (Form)             
e                        Editing request body (Form)             
n                        Editing request body (Form)             
i                        Editing request body (Form)             
a                        Editing request body (Form)             
Enter                    Editing request body (Form)             
Enter                    Request menu                            
j                        Editing request body (Form)             
Backspace                Editing request body (Form)             
Backspace                Editing request body (Form)             
Enter                    Editing request body (Form)             
Enter                    Request menu                            
a                        Editing request body (Form)             
Enter                    Editing request body (Form)             
Down                     Request menu                            
d                        Request menu                            
d                        Request menu                            
n                        Request menu                            
d                        Request menu                            
n                        Request menu                            
Enter                    Request menu                            
i                        Editing request body (Form)             
Alt-Backspace            Editing request body (Form)             
Backspace                Editing request body (Form)             
Backspace                Editing request body (Form)             
Backspace                Editing request body (Form)             
Backspace                Editing request body (Form)             
i                        Editing request body (Form)             
d                        Editing request body (Form)             
Enter                    Editing request body (Form)             
Right                    Request menu                            
Enter                    Request menu                            
Backspace                Editing request body (Form)             
Backspace                Editing request body (Form)             
Backspace                Editing request body (Form)             
Backspace                Editing request body (Form)             
Backspace                Editing request body (Form)             
2                        Editing request body (Form)             
Enter                    Editing request body (Form)             
Space                    Request menu                            
Space                    Request menu                            
Enter                    Request menu                            
Enter                    Editing request body (Form)             
Enter                    Request menu                            
Esc                      Editing request body (Form)             
Esc                      Request menu                            
Enter                    Main menu                               
Space                    Request menu                            
Space                    Request menu                            
Enter                    Request menu                            
Esc                      Editing request body (Form)             
u                        Request menu                            
Enter                    Editing request URL                     
Space                    Request menu                            
Space                    Request menu                            
Tab                      Request menu                            
Esc                      Request menu                            
Up                       Main menu                               
Enter                    Main menu                               
Tab                      Request menu                            
d                        Request menu                            
d                        Request menu                            
Space                    Request menu                            
u                        Request menu                            
Left                     Editing request URL                     
Left                     Editing request URL                     
Left                     Editing request URL                     
Left                     Editing request URL                     
Left                     Editing request URL                     
Left                     Editing request URL                     
Left                     Editing request URL                     
Left                     Editing request URL                     
Left                     Editing request URL                     
Left                     Editing request URL                     
Left                     Editing request URL                     
Left                     Editing request URL                     
Left                     Editing request URL                     
Left                     Editing request URL                     
Left                     Editing request URL                     
Left                     Editing request URL                     
Left                     Editing request URL                     
Left                     Editing request URL                     
Left                     Editing request URL                     
Left                     Editing request URL                     
Left                     Editing request URL                     
Left                     Editing request URL                     
Left                     Editing request URL                     
Left                     Editing request URL                     
Left                     Editing request URL                     
Left                     Editing request URL                     
3                        Editing request URL                     
0                        Editing request URL                     
0                        Editing request URL                     
0                        Editing request URL                     
Enter                    Editing request URL                     
Space                    Request menu                            
Space                    Request menu                            
Space                    Request menu                            
u                        Request menu                            
Backspace                Editing request URL                     
Backspace                Editing request URL                     
Backspace                Editing request URL                     
Backspace                Editing request URL                     
Backspace                Editing request URL                     
u                        Editing request URL                     
s                        Editing request URL                     
e                        Editing request URL                     
r                        Editing request URL                     
s                        Editing request URL                     
Enter                    Editing request URL                     
Space                    Request menu                            
Space                    Request menu                            
Space                    Request menu                            
u                        Request menu                            
Left                     Editing request URL                     
Left                     Editing request URL                     
Left                     Editing request URL                     
Left                     Editing request URL                     
Left                     Editing request URL                     
Left                     Editing request URL                     
Left                     Editing request URL                     
Left                     Editing request URL                     
Left                     Editing request URL                     
Left                     Editing request URL                     
Left                     Editing request URL                     
Left                     Editing request URL                     
Left                     Editing request URL                     
Left                     Editing request URL                     
Left                     Editing request URL                     
Left                     Editing request URL                     
Left                     Editing request URL                     
Left                     Editing request URL                     
Left                     Editing request URL                     
Left                     Editing request URL                     
Left                     Editing request URL                     
Left                     Editing request URL                     
Left                     Editing request URL                     
Left                     Editing request URL                     
Left                     Editing request URL                     
Left                     Editing request URL                     
Backspace                Editing request URL                     
Backspace                Editing request URL                     
Backspace                Editing request URL                     
Backspace                Editing request URL                     
Enter                    Editing request URL                     
Space                    Request menu                            
m                        Request menu                            
Tab                      Request menu                            
Tab                      Request menu                            
Tab                      Request menu                            
n                        Request menu                            
Enter                    Request menu                            
i                        Editing request body (Form)             
Alt-Backspace            Editing request body (Form)             
Backspace                Editing request body (Form)             
Backspace                Editing request body (Form)             
Backspace                Editing request body (Form)             
Backspace                Editing request body (Form)             
i                        Editing request body (Form)             
d                        Editing request body (Form)             
Enter                    Editing request body (Form)             
Right                    Request menu                            
Enter                    Request menu                            
Alt-Backspace            Editing request body (Form)             
Backspace                Editing request body (Form)             
Backspace                Editing request body (Form)             
Backspace                Editing request body (Form)             
Backspace                Editing request body (Form)             
Backspace                Editing request body (Form)             
Backspace                Editing request body (Form)             
3                        Editing request body (Form)             
Enter                    Editing request body (Form)             
Tab                      Request menu                            
Tab                      Request menu                            
Tab                      Request menu                            
Tab                      Request menu                            
Tab                      Request menu                            
Enter                    Request menu                            
Enter                    Editing request body (Form)             
u                        Request menu                            
Enter                    Editing request URL                     
Space                    Request menu                            
Space                    Request menu                            
Space                    Request menu                            
Space                    Request menu                            
n                        Request menu                            
d                        Request menu                            
d                        Request menu                            
Space                    Request menu                            
n                        Request menu                            
Enter                    Request menu                            
Backspace                Editing request body (Form)             
Backspace                Editing request body (Form)             
Backspace                Editing request body (Form)             
Backspace                Editing request body (Form)             
"                        Editing request body (Form)             
i                        Editing request body (Form)             
d                        Editing request body (Form)             
"                        Editing request body (Form)             
Enter                    Editing request body (Form)             
Right                    Request menu                            
Enter                    Request menu                            
Backspace                Editing request body (Form)             
Backspace                Editing request body (Form)             
Backspace                Editing request body (Form)             
Backspace                Editing request body (Form)             
Backspace                Editing request body (Form)             
Backspace                Editing request body (Form)             
2                        Editing request body (Form)             
Backspace                Editing request body (Form)             
3                        Editing request body (Form)             
Enter                    Editing request body (Form)             
u                        Request menu                            
Enter                    Editing request URL                     
Space                    Request menu                            
Enter                    Request menu                            
Backspace                Editing request body (Form)             
Backspace                Editing request body (Form)             
Backspace                Editing request body (Form)             
:                        Editing request body (Form)             
"                        Editing request body (Form)             
Backspace                Editing request body (Form)             
Space                    Editing request body (Form)             
1                        Editing request body (Form)             
Enter                    Editing request body (Form)             
Enter                    Request menu                            
Enter                    Editing request body (Form)             
Space                    Request menu                            
Enter                    Request menu                            
Backspace                Editing request body (Form)             
Backspace                Editing request body (Form)             
Backspace                Editing request body (Form)             
Backspace                Editing request body (Form)             
Enter                    Editing request body (Form)             
Left                     Request menu                            
Right                    Request menu                            
Enter                    Request menu                            
Left                     Editing request body (Form)             
Enter                    Editing request body (Form)             
Left                     Request menu                            
Enter                    Request menu                            
:                        Editing request body (Form)             
2                        Editing request body (Form)             
Enter                    Editing request body (Form)             
Space                    Request menu                            
Space                    Request menu                            
Space                    Request menu                            
Space                    Request menu                            
d                        Request menu                            
Space                    Request menu                            
n                        Request menu                            
Enter                    Request menu                            
Alt-Backspace            Editing request body (Form)             
Backspace                Editing request body (Form)             
Backspace                Editing request body (Form)             
Backspace                Editing request body (Form)             
Backspace                Editing request body (Form)             
"                        Editing request body (Form)             
i                        Editing request body (Form)             
d                        Editing request body (Form)             
"                        Editing request body (Form)             
Enter                    Editing request body (Form)             
Right                    Request menu                            
Enter                    Request menu                            
Alt-Backspace            Editing request body (Form)             
Backspace                Editing request body (Form)             
Backspace                Editing request body (Form)             
Backspace                Editing request body (Form)             
Backspace                Editing request body (Form)             
Backspace                Editing request body (Form)             
Backspace                Editing request body (Form)             
Backspace                Editing request body (Form)             
Ctrl-Alt-h               Editing request body (Form)             
Backspace                Editing request body (Form)             
2                        Editing request body (Form)             
Enter                    Editing request body (Form)             
Enter                    Request menu                            
Enter                    Editing request body (Form)             
Space                    Request menu                            
Enter                    Request menu                            
Backspace                Editing request body (Form)             
"                        Editing request body (Form)             
2                        Editing request body (Form)             
"                        Editing request body (Form)             
Enter                    Editing request body (Form)             
Space                    Request menu                            
Enter                    Request menu                            
Tab                      Editing request body (Form)             
Space                    Editing request body (Form)             
Enter                    Editing request body (Form)             
Space                    Request menu                            
Enter                    Request menu                            
Backspace                Editing request body (Form)             
Backspace                Editing request body (Form)             
Backspace                Editing request body (Form)             
Backspace                Editing request body (Form)             
Backspace                Editing request body (Form)             
Backspace                Editing request body (Form)             
Backspace                Editing request body (Form)             
Backspace                Editing request body (Form)             
Backspace                Editing request body (Form)             
Backspace                Editing request body (Form)             
Backspace                Editing request body (Form)             
2                        Editing request body (Form)             
Enter                    Editing request body (Form)             
Enter                    Request menu                            
Backspace                Editing request body (Form)             
h                        Editing request body (Form)             
Backspace                Editing request body (Form)             
2                        Editing request body (Form)             
Enter                    Editing request body (Form)             
Left                     Request menu                            
Right                    Request menu                            
Left                     Request menu                            
Enter                    Request menu                            
;                        Editing request body (Form)             
Backspace                Editing request body (Form)             
:                        Editing request body (Form)             
Enter                    Editing request body (Form)             
Space                    Request menu                            
m                        Request menu                            
Tab                      Request menu                            
Tab                      Request menu                            
Tab                      Request menu                            
Tab                      Request menu                            
Tab                      Request menu                            
Enter                    Request menu                            
Backspace                Editing request body (Form)             
Backspace                Editing request body (Form)             
Backspace                Editing request body (Form)             
Backspace                Editing request body (Form)             
Backspace                Editing request body (Form)             
Backspace                Editing request body (Form)             
Backspace                Editing request body (Form)             
Backspace                Editing request body (Form)             
Backspace                Editing request body (Form)             
Backspace                Editing request body (Form)             
f                        Editing request body (Form)             
d                        Editing request body (Form)             
Enter                    Editing request body (Form)             
d                        Request menu                            
Tab                      Request menu                            
Enter                    Request menu                            
{                        Editing pre-request script              
Enter                    Editing pre-request script              
"                        Editing pre-request script              
i                        Editing pre-request script              
d                        Editing pre-request script              
"                        Editing pre-request script              
:                        Editing pre-request script              
2                        Editing pre-request script              
Enter                    Editing pre-request script              
}                        Editing pre-request script              
s                        Editing pre-request script              
Backspace                Editing pre-request script              
Ctrl-s                   Editing pre-request script              
Enter                    Request menu                            
Space                    Editing pre-request script              
Backspace                Editing pre-request script              
Tab                      Editing pre-request script              
Backspace                Editing pre-request script              
Enter                    Editing pre-request script              
Backspace                Editing pre-request script              
Ctrl-s                   Editing pre-request script              
Enter                    Request menu                            
Space                    Editing pre-request script              
Backspace                Editing pre-request script              
Esc                      Editing pre-request script              
Space                    Request menu                            
Space                    Request menu                            
Space                    Request menu                            
Enter                    Request menu                            
j                        Editing pre-request script              
Backspace                Editing pre-request script              
Down                     Editing pre-request script              
Down                     Editing pre-request script              
Right                    Editing pre-request script              
Backspace                Editing pre-request script              
Backspace                Editing pre-request script              
Backspace                Editing pre-request script              
Backspace                Editing pre-request script              
Backspace                Editing pre-request script              
Ctrl-u                   Editing pre-request script              
u                        Editing pre-request script              
Shift-u                  Editing pre-request script              
Backspace                Editing pre-request script              
Alt-Backspace            Editing pre-request script              
Backspace                Editing pre-request script              
Backspace                Editing pre-request script              
Backspace                Editing pre-request script              
Right                    Editing pre-request script              
Right                    Editing pre-request script              
Right                    Editing pre-request script              
Alt-Backspace            Editing pre-request script              
Alt-Backspace            Editing pre-request script              
Backspace                Editing pre-request script              
Backspace                Editing pre-request script              
Backspace                Editing pre-request script              
Backspace                Editing pre-request script              
Backspace                Editing pre-request script              
Backspace                Editing pre-request script              
Backspace                Editing pre-request script              
Enter                    Editing pre-request script              
Enter                    Editing pre-request script              
Esc                      Editing pre-request script              
Down                     Request menu                            
Enter                    Request menu                            
d                        Editing post-request script             
Down                     Editing post-request script             
Backspace                Editing post-request script             
Backspace                Editing post-request script             
Up                       Editing post-request script             
Down                     Editing post-request script             
Enter                    Editing post-request script             
Esc                      Editing post-request script             
Up                       Request menu                            
Enter                    Request menu                            
j                        Editing pre-request script              
j                        Editing pre-request script              
Backspace                Editing pre-request script              
Backspace                Editing pre-request script              
Right                    Editing pre-request script              
Down                     Editing pre-request script              
Down                     Editing pre-request script              
Down                     Editing pre-request script              
Backspace                Editing pre-request script              
Backspace                Editing pre-request script              
Backspace                Editing pre-request script              
Backspace                Editing pre-request script              
Backspace                Editing pre-request script              
Backspace                Editing pre-request script              
Backspace                Editing pre-request script              
Backspace                Editing pre-request script              
Backspace                Editing pre-request script              
Backspace                Editing pre-request script              
Backspace                Editing pre-request script              
Backspace                Editing pre-request script              
Backspace                Editing pre-request script              
Backspace                Editing pre-request script              
Backspace                Editing pre-request script              
Backspace                Editing pre-request script              
s                        Editing pre-request script              
Backspace                Editing pre-request script              
s                        Editing pre-request script              
Backspace                Editing pre-request script              
Enter                    Editing pre-request script              
s                        Editing pre-request script              
Backspace                Editing pre-request script              
Backspace                Editing pre-request script              
Ctrl-s                   Editing pre-request script              
Enter                    Request menu                            
Space                    Editing pre-request script              
Space                    Editing pre-request script              
Backspace                Editing pre-request script              
Backspace                Editing pre-request script              
Backspace                Editing pre-request script              
Enter                    Editing pre-request script              
Backspace                Editing pre-request script              
Backspace                Editing pre-request script              
Esc                      Editing pre-request script              
Enter                    Request menu                            
Tab                      Editing pre-request script              
Backspace                Editing pre-request script              
Backspace                Editing pre-request script              
Ctrl-s                   Editing pre-request script              
Enter                    Request menu                            
Ctrl-s                   Editing pre-request script              
Enter                    Request menu                            
Tab                      Editing pre-request script              
Tab                      Editing pre-request script              
Tab                      Editing pre-request script              
Tab                      Editing pre-request script              
Alt-Backspace            Editing pre-request script              
Backspace                Editing pre-request script              
Backspace                Editing pre-request script              
Backspace                Editing pre-request script              
Backspace                Editing pre-request script              
Backspace                Editing pre-request script              
Backspace                Editing pre-request script              
Backspace                Editing pre-request script              
Backspace                Editing pre-request script              
Ctrl-s                   Editing pre-request script              
Enter                    Request menu                            
Esc                      Editing pre-request script              
Esc                      Request menu                            
Enter                    Main menu                               
Tab                      Request menu                            
Tab                      Request menu                            
Tab                      Request menu                            
Tab                      Request menu                            
n                        Request menu                            
Enter                    Request menu                            
Backspace                Editing request body (Form)             
Backspace                Editing request body (Form)             
Backspace                Editing request body (Form)             
"                        Editing request body (Form)             
Shift-i                  Editing request body (Form)             
Shift-d                  Editing request body (Form)             
Backspace                Editing request body (Form)             
Backspace                Editing request body (Form)             
i                        Editing request body (Form)             
d                        Editing request body (Form)             
'                        Editing request body (Form)             
Backspace                Editing request body (Form)             
"                        Editing request body (Form)             
:                        Editing request body (Form)             
Enter                    Editing request body (Form)             
Enter                    Request menu                            
Enter                    Editing request body (Form)             
Right                    Request menu                            
Enter                    Request menu                            
Backspace                Editing request body (Form)             
Backspace                Editing request body (Form)             
Backspace                Editing request body (Form)             
Backspace                Editing request body (Form)             
Backspace                Editing request body (Form)             
"                        Editing request body (Form)             
2                        Editing request body (Form)             
"                        Editing request body (Form)             
;                        Editing request body (Form)             
Enter                    Editing request body (Form)             
Space                    Request menu                            
Enter                    Request menu                            
Backspace                Editing request body (Form)             
;                        Editing request body (Form)             
Backspace                Editing request body (Form)             
Enter                    Editing request body (Form)             
m                        Request menu                            
m                        Request menu                            
m                        Request menu                            
m                        Request menu                            
m                        Request menu                            
m                        Request menu                            
Enter                    Request menu                            
Space                    Editing request body (Form)             
Space                    Editing request body (Form)             
Space                    Editing request body (Form)             
Backspace                Editing request body (Form)             
Esc                      Editing request body (Form)             
Space                    Request menu                            
Space                    Request menu                            
Left                     Request menu                            
Enter                    Request menu                            
Backspace                Editing request body (Form)             
Tab                      Editing request body (Form)             
Enter                    Editing request body (Form)             
Space                    Request menu                            
Space                    Request menu                            
Tab                      Request menu                            
Tab                      Request menu                            
Tab                      Request menu                            
Enter                    Request menu                            
Enter                    Request menu                            
Ctrl-a                   Request menu                            
Ctrl-a                   Request menu                            
Ctrl-a                   Request menu                            
Tab                      Request menu                            
Tab                      Request menu                            
Ctrl-b                   Request menu                            
Ctrl-b                   Request menu                            
Ctrl-b                   Request menu                            
Enter                    Request menu                            
[                        Editing request body (Text)             
Backspace                Editing request body (Text)             
{                        Editing request body (Text)             
Enter                    Editing request body (Text)             
"                        Editing request body (Text)             
i                        Editing request body (Text)             
d                        Editing request body (Text)             
"                        Editing request body (Text)             
:                        Editing request body (Text)             
1                        Editing request body (Text)             
Backspace                Editing request body (Text)             
2                        Editing request body (Text)             
Enter                    Editing request body (Text)             
}                        Editing request body (Text)             
Ctrl-s                   Editing request body (Text)             
Enter                    Request menu                            
Space                    Editing request body (Text)             
Backspace                Editing request body (Text)             
Enter                    Editing request body (Text)             
Backspace                Editing request body (Text)             
Backspace                Editing request body (Text)             
Ctrl-s                   Editing request body (Text)             
Esc                      Request menu                            
Enter                    Main menu                               
Space                    Request menu                            
y                        Request menu                            
y                        Request menu                            
Enter                    Request menu                            
j                        Editing request body (Text)             
Backspace                Editing request body (Text)             
Down                     Editing request body (Text)             
Up                       Editing request body (Text)             
Right                    Editing request body (Text)             
Right                    Editing request body (Text)             
Right                    Editing request body (Text)             
Right                    Editing request body (Text)             
Right                    Editing request body (Text)             
Right                    Editing request body (Text)             
Backspace                Editing request body (Text)             
3                        Editing request body (Text)             
Esc                      Editing request body (Text)             
Space                    Request menu                            
Enter                    Request menu                            
j                        Editing request body (Text)             
Backspace                Editing request body (Text)             
Down                     Editing request body (Text)             
Right                    Editing request body (Text)             
Up                       Editing request body (Text)             
Right                    Editing request body (Text)             
Right                    Editing request body (Text)             
Right                    Editing request body (Text)             
Right                    Editing request body (Text)             
Right                    Editing request body (Text)             
Backspace                Editing request body (Text)             
3                        Editing request body (Text)             
Tab                      Editing request body (Text)             
Backspace                Editing request body (Text)             
Esc                      Editing request body (Text)             
Down                     Request menu                            
Enter                    Request menu                            
Down                     Editing request body (Text)             
Up                       Editing request body (Text)             
Right                    Editing request body (Text)             
Right                    Editing request body (Text)             
Right                    Editing request body (Text)             
Right                    Editing request body (Text)             
Right                    Editing request body (Text)             
Right                    Editing request body (Text)             
Backspace                Editing request body (Text)             
3                        Editing request body (Text)             
Ctrl-s                   Editing request body (Text)             
Enter                    Request menu                            
Space                    Editing request body (Text)             
Backspace                Editing request body (Text)             
Enter                    Editing request body (Text)             
Backspace                Editing request body (Text)             
Backspace                Editing request body (Text)             
Esc                      Editing request body (Text)             
Space                    Request menu                            
Space                    Request menu                            
Ctrl-a                   Request menu                            
Esc                      Request menu                            
n                        Main menu                               
Enter                    Choosing an element to create           
Shift-s                  Creating new collection                 
e                        Creating new collection                 
a                        Creating new collection                 
r                        Creating new collection                 
c                        Creating new collection                 
h                        Creating new collection                 
Shift-u                  Creating new collection                 
s                        Creating new collection                 
e                        Creating new collection                 
r                        Creating new collection                 
Enter                    Creating new collection                 
Down                     Main menu                               
Down                     Main menu                               
Enter                    Main menu                               
n                        Main menu                               
Right                    Choosing an element to create           
Enter                    Choosing an element to create           
Backspace                Creating new request                    
Backspace                Creating new request                    
Backspace                Creating new request                    
Backspace                Creating new request                    
Shift-s                  Creating new request                    
Backspace                Creating new request                    
Backspace                Creating new request                    
Shift-g                  Creating new request                    
e                        Creating new request                    
t                        Creating new request                    
Space                    Creating new request                    
Shift-s                  Creating new request                    
e                        Creating new request                    
a                        Creating new request                    
r                        Creating new request                    
c                        Creating new request                    
h                        Creating new request                    
Space                    Creating new request                    
u                        Creating new request                    
s                        Creating new request                    
e                        Creating new request                    
r                        Creating new request                    
n                        Creating new request                    
a                        Creating new request                    
m                        Creating new request                    
e                        Creating new request                    
Alt-Backspace            Creating new request                    
Backspace                Creating new request                    
Backspace                Creating new request                    
Backspace                Creating new request                    
Backspace                Creating new request                    
Backspace                Creating new request                    
Backspace                Creating new request                    
Backspace                Creating new request                    
Backspace                Creating new request                    
Shift-u                  Creating new request                    
s                        Creating new request                    
e                        Creating new request                    
r                        Creating new request                    
s                        Creating new request                    
'                        Creating new request                    
Backspace                Creating new request                    
Enter                    Creating new request                    
Down                     Main menu                               
Enter                    Main menu                               
m                        Request menu                            
u                        Request menu                            
h                        Editing request URL                     
t                        Editing request URL                     
t                        Editing request URL                     
p                        Editing request URL                     
s                        Editing request URL                     
Backspace                Editing request URL                     
:                        Editing request URL                     
.                        Editing request URL                     
.                        Editing request URL                     
Backspace                Editing request URL                     
Backspace                Editing request URL                     
/                        Editing request URL                     
/                        Editing request URL                     
l                        Editing request URL                     
o                        Editing request URL                     
c                        Editing request URL                     
a                        Editing request URL                     
Backspace                Editing request URL                     
a                        Editing request URL                     
l                        Editing request URL                     
h                        Editing request URL                     
o                        Editing request URL                     
s                        Editing request URL                     
t                        Editing request URL                     
:                        Editing request URL                     
3                        Editing request URL                     
0                        Editing request URL                     
0                        Editing request URL                     
0                        Editing request URL                     
/                        Editing request URL                     
a                        Editing request URL                     
p                        Editing request URL                     
i                        Editing request URL                     
/                        Editing request URL                     
u                        Editing request URL                     
s                        Editing request URL                     
e                        Editing request URL                     
r                        Editing request URL                     
s                        Editing request URL                     
/                        Editing request URL                     
s                        Editing request URL                     
s                        Editing request URL                     
e                        Editing request URL                     
a                        Editing request URL                     
r                        Editing request URL                     
c                        Editing request URL                     
h                        Editing request URL                     
Backspace                Editing request URL                     
Backspace                Editing request URL                     
Backspace                Editing request URL                     
Backspace                Editing request URL                     
Backspace                Editing request URL                     
Backspace                Editing request URL                     
e                        Editing request URL                     
a                        Editing request URL                     
r                        Editing request URL                     
c                        Editing request URL                     
h                        Editing request URL                     
Enter                    Editing request URL                     
Tab                      Request menu                            
Tab                      Request menu                            
Ctrl-b                   Request menu                            
n                        Request menu                            
Ctrl-b                   Request menu                            
Ctrl-b                   Request menu                            
Ctrl-b                   Request menu                            
Enter                    Request menu                            
Enter                    Editing request body (Text)             
Backspace                Editing request body (Text)             
{                        Editing request body (Text)             
Enter                    Editing request body (Text)             
Enter                    Editing request body (Text)             
}                        Editing request body (Text)             
Up                       Editing request body (Text)             
"                        Editing request body (Text)             
u                        Editing request body (Text)             
s                        Editing request body (Text)             
e                        Editing request body (Text)             
r                        Editing request body (Text)             
n                        Editing request body (Text)             
a                        Editing request body (Text)             
m                        Editing request body (Text)             
e                        Editing request body (Text)             
"                        Editing request body (Text)             
:                        Editing request body (Text)             
"                        Editing request body (Text)             
a                        Editing request body (Text)             
"                        Editing request body (Text)             
Ctrl-s                   Editing request body (Text)             
Enter                    Request menu                            
Esc                      Editing request body (Text)             
Space                    Request menu                            
Down                     Request menu                            
y                        Request menu                            
Space                    Request menu                            
Up                       Request menu                            
Up                       Request menu                            
Enter                    Request menu                            
Enter                    Editing request body (Text)             
Backspace                Editing request body (Text)             
Backspace                Editing request body (Text)             
Esc                      Editing request body (Text)             
Tab                      Request menu                            
Tab                      Request menu                            
Tab                      Request menu                            
Tab                      Request menu                            
Tab                      Request menu                            
c                        Request menu                            
Esc                      Displaying cookies                      
q                        Main menu                               
